<?xml version="1.0" encoding="UTF-8" ?>
<testsuites>
 <testsuite name="Hello world" timestamp="2016-07-08T23:55:07" hostname="localhost" time="0.004" errors="0" tests="1" skipped="0" disabled="0" failures="1">
  <testcase classname="Hello world" name="says hello" time="0.003">
   <failure type="toEqual" message="Expected true to equal false."><![CDATA[Error: Expected true to equal false.
    at stack (/Users/madeleine/projects/testingwithjasmine/node_modules/jasmine-core/lib/jasmine-core/jasmine.js:1577:17)
    at buildExpectationResult (/Users/madeleine/projects/testingwithjasmine/node_modules/jasmine-core/lib/jasmine-core/jasmine.js:1547:14)
    at Spec.Env.expectationResultFactory (/Users/madeleine/projects/testingwithjasmine/node_modules/jasmine-core/lib/jasmine-core/jasmine.js:638:18)
    at Spec.addExpectationResult (/Users/madeleine/projects/testingwithjasmine/node_modules/jasmine-core/lib/jasmine-core/jasmine.js:330:34)
    at Expectation.addExpectationResult (/Users/madeleine/projects/testingwithjasmine/node_modules/jasmine-core/lib/jasmine-core/jasmine.js:588:21)
    at Expectation.toEqual (/Users/madeleine/projects/testingwithjasmine/node_modules/jasmine-core/lib/jasmine-core/jasmine.js:1501:12)
    at Object.<anonymous> (/Users/madeleine/projects/testingwithjasmine/source/spec/test.js:3:18)
    at attemptSync (/Users/madeleine/projects/testingwithjasmine/node_modules/jasmine-core/lib/jasmine-core/jasmine.js:1886:24)
    at QueueRunner.run (/Users/madeleine/projects/testingwithjasmine/node_modules/jasmine-core/lib/jasmine-core/jasmine.js:1874:9)
    at QueueRunner.execute (/Users/madeleine/projects/testingwithjasmine/node_modules/jasmine-core/lib/jasmine-core/jasmine.js:1859:10)]]>
   </failure>
  </testcase>
 </testsuite>
</testsuites>